[27-Feb-2025 16:57:31 UTC] PHP Warning:  Undefined variable $idclub in /var/www/html/php/Tarea03-IanSomohano/index.php on line 20
[27-Feb-2025 16:57:31 UTC] PHP Warning:  Undefined variable $internacional in /var/www/html/php/Tarea03-IanSomohano/index.php on line 22
[27-Feb-2025 16:57:31 UTC] PHP Fatal error:  Uncaught mysqli_sql_exception: Unknown column 'idclub' in 'field list' in /var/www/html/php/Tarea03-IanSomohano/index.php:29
Stack trace:
#0 /var/www/html/php/Tarea03-IanSomohano/index.php(29): mysqli->prepare()
#1 {main}
  thrown in /var/www/html/php/Tarea03-IanSomohano/index.php on line 29
[27-Feb-2025 16:59:13 UTC] PHP Warning:  Undefined variable $idclub in /var/www/html/php/Tarea03-IanSomohano/index.php on line 20
[27-Feb-2025 16:59:13 UTC] PHP Warning:  Undefined variable $internacional in /var/www/html/php/Tarea03-IanSomohano/index.php on line 22
[27-Feb-2025 16:59:13 UTC] PHP Fatal error:  Uncaught mysqli_sql_exception: Incorrect integer value: '' for column 'Autonomo' at row 1 in /var/www/html/php/Tarea03-IanSomohano/index.php:41
Stack trace:
#0 /var/www/html/php/Tarea03-IanSomohano/index.php(41): mysqli_stmt->execute()
#1 {main}
  thrown in /var/www/html/php/Tarea03-IanSomohano/index.php on line 41
[27-Feb-2025 16:59:24 UTC] PHP Fatal error:  Uncaught mysqli_sql_exception: Incorrect integer value: '' for column 'Autonomo' at row 1 in /var/www/html/php/Tarea03-IanSomohano/index.php:39
Stack trace:
#0 /var/www/html/php/Tarea03-IanSomohano/index.php(39): mysqli_stmt->execute()
#1 {main}
  thrown in /var/www/html/php/Tarea03-IanSomohano/index.php on line 39
[27-Feb-2025 17:00:04 UTC] PHP Fatal error:  Uncaught mysqli_sql_exception: Duplicate entry '' for key 'usuarios.PRIMARY' in /var/www/html/php/Tarea03-IanSomohano/index.php:39
Stack trace:
#0 /var/www/html/php/Tarea03-IanSomohano/index.php(39): mysqli_stmt->execute()
#1 {main}
  thrown in /var/www/html/php/Tarea03-IanSomohano/index.php on line 39
[27-Feb-2025 17:00:35 UTC] PHP Fatal error:  Uncaught mysqli_sql_exception: Duplicate entry '' for key 'usuarios.PRIMARY' in /var/www/html/php/Tarea03-IanSomohano/index.php:39
Stack trace:
#0 /var/www/html/php/Tarea03-IanSomohano/index.php(39): mysqli_stmt->execute()
#1 {main}
  thrown in /var/www/html/php/Tarea03-IanSomohano/index.php on line 39
